<?xml version='1.0' encoding='UTF-8' ?>
<testsuite name=".DiceRollerTest" tests="1" failures="0" errors="0" skipped="0" time="2.198" timestamp="2023-01-10T10:53:24" hostname="localhost">
  <properties>
    <property name="device" value="Pixel_2_API_32(AVD) - 12" />
    <property name="flavor" value="" />
    <property name="project" value="app" />
  </properties>
  <testcase name="addition_isCorrect" classname=".DiceRollerTest" time="0.8" />
</testsuite>